
Showing logs for build [32mcb-kubecd-bdd-gh-1568284021-pr-1[0m stage [32mmeta-pipeline[0m and container [32mstep-credential-initializer-wvcfx[0m
{"level":"warn","ts":1568284512.9778738,"logger":"fallback-logger","caller":"logging/config.go:69","msg":"Fetch GitHub commit ID from kodata failed: \"ref: refs/heads/master\" is not a valid GitHub commit ID"}
{"level":"info","ts":1568284512.9796169,"logger":"fallback-logger","caller":"creds-init/main.go:40","msg":"Credentials initialized."}

Showing logs for build [32mcb-kubecd-bdd-gh-1568284021-pr-1[0m stage [32mmeta-pipeline[0m and container [32mstep-working-dir-initializer-z4mkx[0m
{"level":"warn","ts":1568284514.3213387,"logger":"fallback-logger","caller":"logging/config.go:69","msg":"Fetch GitHub commit ID from kodata failed: open /var/run/ko/HEAD: no such file or directory"}
{"level":"info","ts":1568284514.406801,"logger":"fallback-logger","caller":"bash/main.go:65","msg":"Successfully executed command \"mkdir -p /workspace/source\""}

Showing logs for build [32mcb-kubecd-bdd-gh-1568284021-pr-1[0m stage [32mmeta-pipeline[0m and container [32mstep-place-tools[0m

Showing logs for build [32mcb-kubecd-bdd-gh-1568284021-pr-1[0m stage [32mmeta-pipeline[0m and container [32mstep-git-source-meta-cb-kubecd-bdd-gh-156828402-gqnzs[0m
{"level":"warn","ts":1568284519.9923115,"logger":"fallback-logger","caller":"logging/config.go:69","msg":"Fetch GitHub commit ID from kodata failed: \"ref: refs/heads/master\" is not a valid GitHub commit ID"}
{"level":"info","ts":1568284521.056869,"logger":"fallback-logger","caller":"git/git.go:102","msg":"Successfully cloned https://github.com/cb-kubecd/bdd-gh-1568284021.git @ 0e58e20d7a0e64447da9242c9d61e3b3944125a7 in path /workspace/source"}

Showing logs for build [32mcb-kubecd-bdd-gh-1568284021-pr-1[0m stage [32mmeta-pipeline[0m and container [32mstep-git-merge[0m
Using SHAs from PULL_REFS=master:0e58e20d7a0e64447da9242c9d61e3b3944125a7,1:b3ca21e8973d05e8e3e3da46d62df06cc7f9ce39
DEBUG: ran git fetch --unshallow origin b3ca21e8973d05e8e3e3da46d62df06cc7f9ce39: 0e58e20d7a0e64447da9242c9d61e3b3944125a7: in 
DEBUG: ran git checkout master in 
DEBUG: ran git reset --hard 0e58e20d7a0e64447da9242c9d61e3b3944125a7 in 
DEBUG: ran clean --force -d . in 
DEBUG: ran git merge b3ca21e8973d05e8e3e3da46d62df06cc7f9ce39 in 
Merged SHA b3ca21e8973d05e8e3e3da46d62df06cc7f9ce39 with commit message 'My first PR commit' into base branch master

Showing logs for build [32mcb-kubecd-bdd-gh-1568284021-pr-1[0m stage [32mmeta-pipeline[0m and container [32mstep-merge-pull-refs[0m
DEBUG: ran git fetch origin b3ca21e8973d05e8e3e3da46d62df06cc7f9ce39: 0e58e20d7a0e64447da9242c9d61e3b3944125a7: in 
DEBUG: Unshallowed git repo in 
DEBUG: ran git checkout master in 
DEBUG: ran git reset --hard 0e58e20d7a0e64447da9242c9d61e3b3944125a7 in 
DEBUG: ran clean --force -d . in 
DEBUG: ran git merge b3ca21e8973d05e8e3e3da46d62df06cc7f9ce39 in 
Merged SHA b3ca21e8973d05e8e3e3da46d62df06cc7f9ce39 with commit message 'My first PR commit' into base branch master

Showing logs for build [32mcb-kubecd-bdd-gh-1568284021-pr-1[0m stage [32mmeta-pipeline[0m and container [32mstep-create-effective-pipeline[0m
Deleting and cloning the Jenkins X versions repo
Cloning the Jenkins X versions repo https://github.com/jenkins-x/jenkins-x-versions.git with ref refs/heads/master to /builder/home/.**/jenkins-x-versions
Effective pipeline written to jenkins-x-serverless-jenkins-effective.yml

Showing logs for build [32mcb-kubecd-bdd-gh-1568284021-pr-1[0m stage [32mmeta-pipeline[0m and container [32mstep-create-tekton-crds[0m
PipelineActivity for cb-kubecd-bdd-gh-1568284021-PR-1-1
Applying changes 
upserted PipelineResource cb-kubecd-bdd-gh-1568284021-pr for the git repository https://github.com/cb-kubecd/bdd-gh-1568284021.git
upserted Task cb-kubecd-bdd-gh-1568284021-pr-from-build-pack-1
upserted Pipeline cb-kubecd-bdd-gh-1568284021-pr-1
created PipelineRun cb-kubecd-bdd-gh-1568284021-pr-1
created PipelineStructure cb-kubecd-bdd-gh-1568284021-pr-1

Showing logs for build [32mcb-kubecd-bdd-gh-1568284021-pr-1[0m stage [32mfrom-build-pack[0m and container [32mstep-credential-initializer-ntt9r[0m
{"level":"warn","ts":1568284532.6959655,"logger":"fallback-logger","caller":"logging/config.go:69","msg":"Fetch GitHub commit ID from kodata failed: \"ref: refs/heads/master\" is not a valid GitHub commit ID"}
{"level":"info","ts":1568284532.6965427,"logger":"fallback-logger","caller":"creds-init/main.go:40","msg":"Credentials initialized."}

Showing logs for build [32mcb-kubecd-bdd-gh-1568284021-pr-1[0m stage [32mfrom-build-pack[0m and container [32mstep-working-dir-initializer-fhn6w[0m
{"level":"warn","ts":1568284533.979362,"logger":"fallback-logger","caller":"logging/config.go:69","msg":"Fetch GitHub commit ID from kodata failed: open /var/run/ko/HEAD: no such file or directory"}
{"level":"info","ts":1568284533.9809182,"logger":"fallback-logger","caller":"bash/main.go:65","msg":"Successfully executed command \"mkdir -p /workspace/source /workspace/source/charts/preview\""}

Showing logs for build [32mcb-kubecd-bdd-gh-1568284021-pr-1[0m stage [32mfrom-build-pack[0m and container [32mstep-place-tools[0m

Showing logs for build [32mcb-kubecd-bdd-gh-1568284021-pr-1[0m stage [32mfrom-build-pack[0m and container [32mstep-git-source-cb-kubecd-bdd-gh-1568284021-pr-x8g2b[0m
{"level":"warn","ts":1568284547.9682636,"logger":"fallback-logger","caller":"logging/config.go:69","msg":"Fetch GitHub commit ID from kodata failed: \"ref: refs/heads/master\" is not a valid GitHub commit ID"}
{"level":"info","ts":1568284549.0351899,"logger":"fallback-logger","caller":"git/git.go:102","msg":"Successfully cloned https://github.com/cb-kubecd/bdd-gh-1568284021.git @ master in path /workspace/source"}

Showing logs for build [32mcb-kubecd-bdd-gh-1568284021-pr-1[0m stage [32mfrom-build-pack[0m and container [32mstep-git-merge[0m
Using SHAs from PULL_REFS=master:0e58e20d7a0e64447da9242c9d61e3b3944125a7,1:b3ca21e8973d05e8e3e3da46d62df06cc7f9ce39
DEBUG: ran git fetch --unshallow origin b3ca21e8973d05e8e3e3da46d62df06cc7f9ce39: 0e58e20d7a0e64447da9242c9d61e3b3944125a7: in 
DEBUG: ran git checkout master in 
DEBUG: ran git reset --hard 0e58e20d7a0e64447da9242c9d61e3b3944125a7 in 
DEBUG: ran clean --force -d . in 
DEBUG: ran git merge b3ca21e8973d05e8e3e3da46d62df06cc7f9ce39 in 
Merged SHA b3ca21e8973d05e8e3e3da46d62df06cc7f9ce39 with commit message 'My first PR commit' into base branch master

Showing logs for build [32mcb-kubecd-bdd-gh-1568284021-pr-1[0m stage [32mfrom-build-pack[0m and container [32mstep-build-make-linux[0m
CGO_ENABLED=0 GOOS=linux GOARCH=amd64 GO15VENDOREXPERIMENT=1 go build -ldflags '' -o bin/bdd-gh-1568284021 main.go

Showing logs for build [32mcb-kubecd-bdd-gh-1568284021-pr-1[0m stage [32mfrom-build-pack[0m and container [32mstep-build-container-build[0m
[36mINFO[0m[0000] No base image, nothing to extract            
[36mINFO[0m[0000] cmd: EXPOSE                                  
[36mINFO[0m[0000] Adding exposed port: 8080/tcp                
[36mINFO[0m[0000] Using files from context: [/workspace/source/bin] 
[36mINFO[0m[0000] Skipping unpacking as no commands require it. 
[36mINFO[0m[0000] Taking snapshot of full filesystem...        
[36mINFO[0m[0000] EXPOSE 8080                                  
[36mINFO[0m[0000] cmd: EXPOSE                                  
[36mINFO[0m[0000] Adding exposed port: 8080/tcp                
[36mINFO[0m[0000] No files changed in this command, skipping snapshotting. 
[36mINFO[0m[0000] ENTRYPOINT ["/bdd-gh-1568284021"]            
[36mINFO[0m[0000] No files changed in this command, skipping snapshotting. 
[36mINFO[0m[0000] Using files from context: [/workspace/source/bin] 
[36mINFO[0m[0000] COPY ./bin/ /                                
[36mINFO[0m[0000] Taking snapshot of files...                  
2019/09/12 10:36:01 pushed blob: sha256:619c96190b062605a4c8d7d74be4e97fd0ed07fd6d46dede4e7bbea0fa39c934
2019/09/12 10:36:02 pushed blob: sha256:759d11ce874f21ff4b735b7fb291f7ea964f17802a345bc2e9b6f966a3f5ace5
2019/09/12 10:36:03 gcr.io/jenkins-x-bdd3/bdd-gh-1568284021:0.0.0-SNAPSHOT-PR-1-1: digest: sha256:71b86d6d70a800cd23fca399df45667dfac11c28935dcf3bbe4db0e6cb503569 size: 428

Showing logs for build [32mcb-kubecd-bdd-gh-1568284021-pr-1[0m stage [32mfrom-build-pack[0m and container [32mstep-postbuild-post-build[0m
no CVE provider running in the current ** namespace so skip adding image to be analysed

Showing logs for build [32mcb-kubecd-bdd-gh-1568284021-pr-1[0m stage [32mfrom-build-pack[0m and container [32mstep-promote-make-preview[0m
sed -i -e "s/version:.*/version: 0.0.0-SNAPSHOT-PR-1-1/" Chart.yaml
sed -i -e "s/version:.*/version: 0.0.0-SNAPSHOT-PR-1-1/" ../*/Chart.yaml
sed -i -e "s|repository:.*|repository: gcr.io\/jenkins-x-bdd3\/bdd-gh-1568284021|" values.yaml
sed -i -e "s/tag:.*/tag: 0.0.0-SNAPSHOT-PR-1-1/" values.yaml
echo "  version: 0.0.0-SNAPSHOT-PR-1-1" >> requirements.yaml
** step helm build
WARNING: No $CHART_REPOSITORY defined so using the default value of: http://jenkins-x-chartmuseum:8080
Adding missing Helm repo: storage.googleapis.com https://storage.googleapis.com/chartmuseum.jenkins-x.io
Successfully added Helm repository storage.googleapis.com.
Adding missing Helm repo: jenkins-x-chartmuseum http://jenkins-x-chartmuseum:8080
Successfully added Helm repository jenkins-x-chartmuseum.
WARNING: No $CHART_REPOSITORY defined so using the default value of: http://jenkins-x-chartmuseum:8080
Adding missing Helm repo: chartmuseum.jenkins-x.io http://chartmuseum.jenkins-x.io
Successfully added Helm repository chartmuseum.jenkins-x.io.

Showing logs for build [32mcb-kubecd-bdd-gh-1568284021-pr-1[0m stage [32mfrom-build-pack[0m and container [32mstep-promote-jx-preview[0m
Creating a preview
WARNING: No author for commit: b3ca21e8973d05e8e3e3da46d62df06cc7f9ce39
Created environment cb-kubecd-bdd-gh-1568284021-pr-1
Namespace **-cb-kubecd-bdd-gh-1568284021-pr-1 created 
expose:
  Annotations:
    helm.sh/hook: post-install,post-upgrade
    helm.sh/hook-delete-policy: hook-succeeded
  config:
    domain: 34.77.175.168.nip.io
    exposer: Ingress
    http: "true"
preview:
  image:
    repository: gcr.io/jenkins-x-bdd3/bdd-gh-1568284021
    tag: 0.0.0-SNAPSHOT-PR-1-1
Deleting and cloning the Jenkins X versions repo
Cloning the Jenkins X versions repo https://github.com/jenkins-x/jenkins-x-versions.git with ref refs/heads/master to /builder/home/.**/jenkins-x-versions


Updating PipelineActivities cb-kubecd-bdd-gh-1568284021-pr-1-1 which has status Running
Preview application is now available at: http://bdd-gh-1568284021.**-cb-kubecd-bdd-gh-1568284021-pr-1.34.77.175.168.nip.io
